[rank: 0] Seed set to 42
Traceback (most recent call last):
  File "/public/home/CS286/qiyt2023-CS286/miniconda3/envs/CellPerturb_VCC_Proj6_STATE2/lib/python3.10/site-packages/cell_load/data_modules/perturbation_dataloader.py", line 424, in _setup_global_maps
    celltype_arr = f[f"obs/{self.cell_type_key}/categories"][:]
  File "h5py/_objects.pyx", line 56, in h5py._objects.with_phil.wrapper
  File "h5py/_objects.pyx", line 57, in h5py._objects.with_phil.wrapper
  File "/public/home/CS286/qiyt2023-CS286/miniconda3/envs/CellPerturb_VCC_Proj6_STATE2/lib/python3.10/site-packages/h5py/_hl/group.py", line 360, in __getitem__
    oid = h5o.open(self.id, self._e(name), lapl=self._lapl)
  File "h5py/_objects.pyx", line 56, in h5py._objects.with_phil.wrapper
  File "h5py/_objects.pyx", line 57, in h5py._objects.with_phil.wrapper
  File "h5py/h5o.pyx", line 257, in h5py.h5o.open
KeyError: 'Unable to synchronously open object (component not found)'

During handling of the above exception, another exception occurred:

Traceback (most recent call last):
  File "/public/home/CS286/qiyt2023-CS286/miniconda3/envs/CellPerturb_VCC_Proj6_STATE2/bin/state", line 7, in <module>
    sys.exit(main())
  File "/public/home/CS286/qiyt2023-CS286/CellPerturb_VCC_Proj6_new4/STATE/src/state/__main__.py", line 120, in main
    run_tx_train(cfg)
  File "/public/home/CS286/qiyt2023-CS286/CellPerturb_VCC_Proj6_new4/STATE/src/state/_cli/_tx/_train.py", line 111, in run_tx_train
    data_module: PerturbationDataModule = get_datamodule(
  File "/public/home/CS286/qiyt2023-CS286/miniconda3/envs/CellPerturb_VCC_Proj6_STATE2/lib/python3.10/site-packages/cell_load/utils/modules.py", line 29, in get_datamodule
    return DATA_MODULE_DICT[name](**kwargs)
  File "/public/home/CS286/qiyt2023-CS286/miniconda3/envs/CellPerturb_VCC_Proj6_STATE2/lib/python3.10/site-packages/cell_load/data_modules/perturbation_dataloader.py", line 146, in __init__
    self._setup_global_maps()
  File "/public/home/CS286/qiyt2023-CS286/miniconda3/envs/CellPerturb_VCC_Proj6_STATE2/lib/python3.10/site-packages/cell_load/data_modules/perturbation_dataloader.py", line 426, in _setup_global_maps
    celltype_arr = f[f"obs/{self.cell_type_key}"][:]
  File "h5py/_objects.pyx", line 56, in h5py._objects.with_phil.wrapper
  File "h5py/_objects.pyx", line 57, in h5py._objects.with_phil.wrapper
  File "/public/home/CS286/qiyt2023-CS286/miniconda3/envs/CellPerturb_VCC_Proj6_STATE2/lib/python3.10/site-packages/h5py/_hl/group.py", line 360, in __getitem__
    oid = h5o.open(self.id, self._e(name), lapl=self._lapl)
  File "h5py/_objects.pyx", line 56, in h5py._objects.with_phil.wrapper
  File "h5py/_objects.pyx", line 57, in h5py._objects.with_phil.wrapper
  File "h5py/h5o.pyx", line 257, in h5py.h5o.open
KeyError: "Unable to synchronously open object (object 'cell_type' doesn't exist)"
